<?xml version="1.0" encoding="UTF-8"?>
<robot generator="Robot 7.1.1 (Python 3.11.9 on win32)" generated="2024-10-28T15:31:03.516266" rpa="false" schemaversion="5">
<suite id="s1" name="Calculator Test" source="C:\Users\anaramac\Documents\Codes\BasicCalculator\calculator_test.robot">
<test id="s1-t1" name="Addition Test" line="9">
<kw name="Add" owner="calculator">
<msg time="2024-10-28T15:31:03.551492" level="INFO">${result} = 9.0</msg>
<var>${result}</var>
<arg>${NUM1}</arg>
<arg>${NUM2}</arg>
<status status="PASS" start="2024-10-28T15:31:03.551492" elapsed="0.000000"/>
</kw>
<kw name="Should Be Equal As Numbers" owner="BuiltIn">
<msg time="2024-10-28T15:31:03.552450" level="INFO">Argument types are:
&lt;class 'float'&gt;
&lt;class 'str'&gt;</msg>
<arg>${result}</arg>
<arg>9</arg>
<doc>Fails if objects are unequal after converting them to real numbers.</doc>
<status status="PASS" start="2024-10-28T15:31:03.552450" elapsed="0.000000"/>
</kw>
<status status="PASS" start="2024-10-28T15:31:03.550456" elapsed="0.001994"/>
</test>
<test id="s1-t2" name="Subtraction Test" line="13">
<kw name="Subtract" owner="calculator">
<msg time="2024-10-28T15:31:03.554453" level="INFO">${result} = 3.0</msg>
<var>${result}</var>
<arg>${NUM1}</arg>
<arg>${NUM2}</arg>
<status status="PASS" start="2024-10-28T15:31:03.554453" elapsed="0.000000"/>
</kw>
<kw name="Should Be Equal As Numbers" owner="BuiltIn">
<msg time="2024-10-28T15:31:03.555122" level="INFO">Argument types are:
&lt;class 'float'&gt;
&lt;class 'str'&gt;</msg>
<arg>${result}</arg>
<arg>3</arg>
<doc>Fails if objects are unequal after converting them to real numbers.</doc>
<status status="PASS" start="2024-10-28T15:31:03.555122" elapsed="0.000000"/>
</kw>
<status status="PASS" start="2024-10-28T15:31:03.553453" elapsed="0.001669"/>
</test>
<test id="s1-t3" name="Multiplication Test" line="17">
<kw name="Multiply" owner="calculator">
<msg time="2024-10-28T15:31:03.556123" level="INFO">${result} = 18.0</msg>
<var>${result}</var>
<arg>${NUM1}</arg>
<arg>${NUM2}</arg>
<status status="PASS" start="2024-10-28T15:31:03.556123" elapsed="0.000000"/>
</kw>
<kw name="Should Be Equal As Numbers" owner="BuiltIn">
<msg time="2024-10-28T15:31:03.557154" level="INFO">Argument types are:
&lt;class 'float'&gt;
&lt;class 'str'&gt;</msg>
<arg>${result}</arg>
<arg>18</arg>
<doc>Fails if objects are unequal after converting them to real numbers.</doc>
<status status="PASS" start="2024-10-28T15:31:03.557154" elapsed="0.000000"/>
</kw>
<status status="PASS" start="2024-10-28T15:31:03.556123" elapsed="0.001031"/>
</test>
<test id="s1-t4" name="Division Test" line="21">
<kw name="Divide" owner="calculator">
<msg time="2024-10-28T15:31:03.559027" level="INFO">${result} = 2.0</msg>
<var>${result}</var>
<arg>${NUM1}</arg>
<arg>${NUM2}</arg>
<status status="PASS" start="2024-10-28T15:31:03.557995" elapsed="0.001032"/>
</kw>
<kw name="Should Be Equal As Numbers" owner="BuiltIn">
<msg time="2024-10-28T15:31:03.559632" level="INFO">Argument types are:
&lt;class 'float'&gt;
&lt;class 'str'&gt;</msg>
<arg>${result}</arg>
<arg>2</arg>
<doc>Fails if objects are unequal after converting them to real numbers.</doc>
<status status="PASS" start="2024-10-28T15:31:03.559027" elapsed="0.000605"/>
</kw>
<status status="PASS" start="2024-10-28T15:31:03.557995" elapsed="0.001637"/>
</test>
<status status="PASS" start="2024-10-28T15:31:03.518767" elapsed="0.041864"/>
</suite>
<statistics>
<total>
<stat pass="4" fail="0" skip="0">All Tests</stat>
</total>
<tag>
</tag>
<suite>
<stat pass="4" fail="0" skip="0" id="s1" name="Calculator Test">Calculator Test</stat>
</suite>
</statistics>
<errors>
</errors>
</robot>
