<?xml version="1.0" encoding="UTF-8"?>
<robot generator="Robot 7.1.1 (Python 3.11.9 on win32)" generated="2024-10-28T12:12:47.737697" rpa="false" schemaversion="5">
<suite id="s1" name="Calculator Test" source="C:\Users\anaramac\Documents\Codes\BasicCalculator\calculator_test.robot">
<test id="s1-t1" name="Addition Test" line="9">
<kw name="Add" owner="calculator">
<msg time="2024-10-28T12:12:47.769189" level="INFO">${result} = 9.0</msg>
<var>${result}</var>
<arg>${NUM1}</arg>
<arg>${NUM2}</arg>
<status status="PASS" start="2024-10-28T12:12:47.769189" elapsed="0.000000"/>
</kw>
<kw name="Should Be Equal As Numbers" owner="BuiltIn">
<msg time="2024-10-28T12:12:47.770192" level="INFO">Argument types are:
&lt;class 'float'&gt;
&lt;class 'str'&gt;</msg>
<arg>${result}</arg>
<arg>9</arg>
<doc>Fails if objects are unequal after converting them to real numbers.</doc>
<status status="PASS" start="2024-10-28T12:12:47.769898" elapsed="0.000294"/>
</kw>
<status status="PASS" start="2024-10-28T12:12:47.768220" elapsed="0.001972"/>
</test>
<test id="s1-t2" name="Subtraction Test" line="13">
<kw name="Subtract" owner="calculator">
<msg time="2024-10-28T12:12:47.771154" level="INFO">${result} = 3.0</msg>
<var>${result}</var>
<arg>${NUM1}</arg>
<arg>${NUM2}</arg>
<status status="PASS" start="2024-10-28T12:12:47.771154" elapsed="0.000000"/>
</kw>
<kw name="Should Be Equal As Numbers" owner="BuiltIn">
<msg time="2024-10-28T12:12:47.772189" level="INFO">Argument types are:
&lt;class 'float'&gt;
&lt;class 'str'&gt;</msg>
<arg>${result}</arg>
<arg>3</arg>
<doc>Fails if objects are unequal after converting them to real numbers.</doc>
<status status="PASS" start="2024-10-28T12:12:47.771154" elapsed="0.001035"/>
</kw>
<status status="PASS" start="2024-10-28T12:12:47.771154" elapsed="0.001365"/>
</test>
<test id="s1-t3" name="Multiplication Test" line="17">
<kw name="Multiply" owner="calculator">
<msg time="2024-10-28T12:12:47.773190" level="INFO">${result} = 18.0</msg>
<var>${result}</var>
<arg>${NUM1}</arg>
<arg>${NUM2}</arg>
<status status="PASS" start="2024-10-28T12:12:47.773190" elapsed="0.000000"/>
</kw>
<kw name="Should Be Equal As Numbers" owner="BuiltIn">
<msg time="2024-10-28T12:12:47.774151" level="INFO">Argument types are:
&lt;class 'float'&gt;
&lt;class 'str'&gt;</msg>
<arg>${result}</arg>
<arg>18</arg>
<doc>Fails if objects are unequal after converting them to real numbers.</doc>
<status status="PASS" start="2024-10-28T12:12:47.774151" elapsed="0.000000"/>
</kw>
<status status="PASS" start="2024-10-28T12:12:47.773190" elapsed="0.000961"/>
</test>
<test id="s1-t4" name="Division Test" line="21">
<kw name="Divide" owner="calculator">
<msg time="2024-10-28T12:12:47.776310" level="INFO">${result} = 2.0</msg>
<var>${result}</var>
<arg>${NUM1}</arg>
<arg>${NUM2}</arg>
<status status="PASS" start="2024-10-28T12:12:47.775380" elapsed="0.000930"/>
</kw>
<kw name="Should Be Equal As Numbers" owner="BuiltIn">
<msg time="2024-10-28T12:12:47.776310" level="INFO">Argument types are:
&lt;class 'float'&gt;
&lt;class 'str'&gt;</msg>
<arg>${result}</arg>
<arg>2</arg>
<doc>Fails if objects are unequal after converting them to real numbers.</doc>
<status status="PASS" start="2024-10-28T12:12:47.776310" elapsed="0.000000"/>
</kw>
<status status="PASS" start="2024-10-28T12:12:47.775380" elapsed="0.000930"/>
</test>
<status status="PASS" start="2024-10-28T12:12:47.739464" elapsed="0.037879"/>
</suite>
<statistics>
<total>
<stat pass="4" fail="0" skip="0">All Tests</stat>
</total>
<tag>
</tag>
<suite>
<stat pass="4" fail="0" skip="0" id="s1" name="Calculator Test">Calculator Test</stat>
</suite>
</statistics>
<errors>
</errors>
</robot>
